[debug] [2021-09-18T13:50:03.656Z] ----------------------------------------------------------------------
[debug] [2021-09-18T13:50:03.677Z] Command:       C:\Program Files\nodejs\node.exe C:\Users\king\AppData\Roaming\npm\node_modules\firebase-tools\lib\bin\firebase.js init
[debug] [2021-09-18T13:50:03.680Z] CLI Version:   9.3.0
[debug] [2021-09-18T13:50:03.681Z] Platform:      win32
[debug] [2021-09-18T13:50:03.682Z] Node Version:  v14.16.1
[debug] [2021-09-18T13:50:03.690Z] Time:          Sat Sep 18 2021 19:20:03 GMT+0530 (India Standard Time)
[debug] [2021-09-18T13:50:03.692Z] ----------------------------------------------------------------------
[debug] [2021-09-18T13:50:03.692Z] 
[debug] [2021-09-18T13:50:03.747Z] >>> [apiv2][query] GET https://firebase-public.firebaseio.com/cli.json [none]
[debug] [2021-09-18T13:50:03.891Z] > command requires scopes: ["email","openid","https://www.googleapis.com/auth/cloudplatformprojects.readonly","https://www.googleapis.com/auth/firebase","https://www.googleapis.com/auth/cloud-platform"]
[debug] [2021-09-18T13:50:03.892Z] > authorizing via signed-in user
[info] 
     ######## #### ########  ######## ########     ###     ######  ########
     ##        ##  ##     ## ##       ##     ##  ##   ##  ##       ##
     ######    ##  ########  ######   ########  #########  ######  ######
     ##        ##  ##    ##  ##       ##     ## ##     ##       ## ##
     ##       #### ##     ## ######## ########  ##     ##  ######  ########

You're about to initialize a Firebase project in this directory:

  C:\Users\king\Desktop\Roc8\snapchat-clone

[debug] [2021-09-18T13:50:04.970Z] <<< [apiv2][status] GET https://firebase-public.firebaseio.com/cli.json 200
[debug] [2021-09-18T13:50:04.973Z] <<< [apiv2][body] GET https://firebase-public.firebaseio.com/cli.json {"cloudBuildErrorAfter":1594252800000,"cloudBuildWarnAfter":1590019200000,"defaultNode10After":1594252800000,"minVersion":"3.0.5","node8DeploysDisabledAfter":1613390400000,"node8RuntimeDisabledAfter":1615809600000,"node8WarnAfter":1600128000000}
